0: 100							1: 15							2: 15							3: 15							4: 15							
5: 15							6: 15							7: 15							8: 15							9: 15							
10: 15							11: 15							12: 15							13: 15							14: 15							
15: 15							16: 15							17: 15							18: 15							19: 15							
20: 15							21: 15							22: 15							23: 15							24: 15							
25: 15							26: 15							27: 15							28: 15							29: 15							
30: 15							31: 15							32: 15							33: 15							34: 15							
35: 15							36: 15							37: 15							38: 15							39: 15							
40: 15							41: 15							42: 15							43: 15							44: 15							
45: 15							46: 15							47: 15							48: 15							49: 15							
50: 15							51: 15							52: 15							53: 15							54: 15							
55: 15							56: 15							57: 15							58: 15							59: 15							
60: 15							61: 15							62: 15							63: 15							64: 15							
65: 15							66: 15							67: 15							68: 15							69: 15							
70: 15							71: 15							72: 15							73: 15							74: 15							
75: 15							76: 15							77: 15							78: 15							79: 15							
80: 15							81: 15							82: 15							83: 15							84: 15							
85: 15							86: 15							87: 15							88: 15							89: 15							
90: 15							91: 15							92: 15							93: 15							94: 15							
95: 15							96: 15							97: 15							98: 15							99: 15							
100: 15							101: 5							102: 5							103: 5							104: 5							
105: 5							106: 5							107: 5							108: 5							109: 5							
110: 5							111: 5							112: 5							113: 5							114: 5							
115: 5							116: 5							117: 5							118: 5							119: 5							
120: 5							121: 5							122: 5							123: 5							124: 5							
125: 5							126: 5							127: 5							128: 5							129: 5							
130: 5							131: 5							132: 5							133: 5							134: 5							
135: 5							136: 5							137: 5							138: 5							139: 5							
140: 5							141: 5							142: 5							143: 5							144: 5							
145: 5							146: 5							147: 5							148: 5							149: 5							
150: 5							151: 5							152: 5							153: 5							154: 5							
155: 5							156: 5							157: 5							158: 5							159: 5							
160: 5							161: 5							162: 5							163: 5							164: 5							
165: 5							166: 5							167: 5							168: 5							169: 5							
170: 5							171: 5							172: 5							173: 5							174: 5							
175: 5							176: 5							177: 5							178: 5							179: 5							
180: 5							181: 5							182: 5							183: 5							184: 5							
185: 5							186: 5							187: 5							188: 5							189: 5							
190: 5							191: 5							192: 5							193: 5							194: 5							
195: 5							196: 5							197: 5							198: 5							199: 5							
200: 5							201: 20							202: 20							203: 20							204: 20							
205: 20							206: 20							207: 20							208: 20							209: 20							
210: 20							211: 20							212: 20							213: 20							214: 20							
215: 20							216: 20							217: 20							218: 20							219: 20							
220: 20							221: 20							222: 20							223: 20							224: 20							
225: 20							226: 20							227: 20							228: 20							229: 20							
230: 20							231: 20							232: 20							233: 20							234: 20							
235: 20							236: 20							237: 20							238: 20							239: 20							
240: 20							241: 20							242: 20							243: 20							244: 20							
245: 20							246: 20							247: 20							248: 20							249: 20							
250: 20							251: 20							252: 20							253: 20							254: 20							
255: 20							256: 20							257: 20							258: 20							259: 20							
260: 20							261: 20							262: 20							263: 20							264: 20							
265: 20							266: 20							267: 20							268: 20							269: 20							
270: 20							271: 20							272: 20							273: 20							274: 20							
275: 20							276: 20							277: 20							278: 20							279: 20							
280: 20							281: 20							282: 20							283: 20							284: 20							
285: 20							286: 20							287: 20							288: 20							289: 20							
290: 20							291: 20							292: 20							293: 20							294: 20							
295: 20							296: 20							297: 20							298: 20							299: 20							
300: 20							301: 0							302: 0							303: 0							304: 0							
305: 0							306: 0							307: 0							308: 0							309: 0							
310: 0							311: 0							312: 0							313: 0							314: 0							
315: 0							316: 0							317: 0							318: 0							319: 0							
320: 0							321: 0							322: 0							323: 0							324: 0							
325: 0							326: 0							327: 0							328: 0							329: 0							
330: 0							331: 0							332: 0							333: 0							334: 0							
335: 0							336: 0							337: 0							338: 0							339: 0							
340: 0							341: 0							342: 0							343: 0							344: 0							
345: 0							346: 0							347: 0							348: 0							349: 0							
350: 0							351: 0							352: 0							353: 0							354: 0							
355: 0							356: 0							357: 0							358: 0							359: 0							
360: 0							361: 0							362: 0							363: 0							364: 0							
365: 0							366: 0							367: 0							368: 0							369: 0							
370: 0							371: 0							372: 0							373: 0							374: 0							
375: 0							376: 0							377: 0							378: 0							379: 0							
380: 0							381: 0							382: 0							383: 0							384: 0							
385: 0							386: 0							387: 0							388: 0							389: 0							
390: 0							391: 0							392: 0							393: 0							394: 0							
395: 0							396: 0							397: 0							398: 0							399: 0							
